c:\users\student\source\repos\strukture_podataka_pavazza_zadric_10_11_22\lab4\x64\debug\vc142.pdb
c:\users\student\source\repos\strukture_podataka_pavazza_zadric_10_11_22\lab4\x64\debug\vc142.idb
c:\users\student\source\repos\strukture_podataka_pavazza_zadric_10_11_22\lab4\x64\debug\lab4.obj
c:\users\student\source\repos\strukture_podataka_pavazza_zadric_10_11_22\x64\debug\lab4.exe
c:\users\student\source\repos\strukture_podataka_pavazza_zadric_10_11_22\x64\debug\lab4.ilk
c:\users\student\source\repos\strukture_podataka_pavazza_zadric_10_11_22\x64\debug\lab4.pdb
c:\users\amadeo\source\repos\strukture_podataka\lab4\x64\debug\lab4.obj
c:\users\amadeo\source\repos\strukture_podataka\lab4\x64\debug\lab4.ilk
c:\users\amadeo\source\repos\strukture_podataka\lab4\x64\debug\vc142.idb
c:\users\amadeo\source\repos\strukture_podataka\lab4\x64\debug\vc142.pdb
c:\users\amadeo\source\repos\strukture_podataka\x64\debug\lab4.pdb
c:\users\amadeo\source\repos\strukture_podataka\x64\debug\lab4.exe
c:\users\amadeo\source\repos\strukture_podataka\x64\debug\lab4.ilk
c:\users\amadeo\source\repos\strukture_podataka\lab4\x64\debug\lab4.tlog\cl.command.1.tlog
c:\users\amadeo\source\repos\strukture_podataka\lab4\x64\debug\lab4.tlog\cl.read.1.tlog
c:\users\amadeo\source\repos\strukture_podataka\lab4\x64\debug\lab4.tlog\cl.write.1.tlog
c:\users\amadeo\source\repos\strukture_podataka\lab4\x64\debug\lab4.tlog\link.command.1.tlog
c:\users\amadeo\source\repos\strukture_podataka\lab4\x64\debug\lab4.tlog\link.delete.1.tlog
c:\users\amadeo\source\repos\strukture_podataka\lab4\x64\debug\lab4.tlog\link.read.1.tlog
c:\users\amadeo\source\repos\strukture_podataka\lab4\x64\debug\lab4.tlog\link.write.1.tlog
